#
# There is insufficient memory for the Java Runtime Environment to continue.
# Native memory allocation (malloc) failed to allocate 32744 bytes for ChunkPool::allocate
# Possible reasons:
#   The system is out of physical RAM or swap space
#   The process is running with CompressedOops enabled, and the Java Heap may be blocking the growth of the native heap
# Possible solutions:
#   Reduce memory load on the system
#   Increase physical memory or swap space
#   Check if swap backing store is full
#   Decrease Java heap size (-Xmx/-Xms)
#   Decrease number of Java threads
#   Decrease Java thread stack sizes (-Xss)
#   Set larger code cache with -XX:ReservedCodeCacheSize=
#   JVM is running with Unscaled Compressed Oops mode in which the Java heap is
#     placed in the first 4GB address space. The Java Heap base address is the
#     maximum limit for the native heap growth. Please use -XX:HeapBaseMinAddress
#     to set the Java Heap base and to place the Java Heap above 4GB virtual address.
# This output file may be truncated or incomplete.
#
#  Out of Memory Error (arena.cpp:79), pid=30816, tid=43960
#
# JRE version: OpenJDK Runtime Environment Temurin-17.0.10+7 (17.0.10+7) (build 17.0.10+7)
# Java VM: OpenJDK 64-Bit Server VM Temurin-17.0.10+7 (17.0.10+7, mixed mode, tiered, compressed oops, compressed class ptrs, parallel gc, windows-amd64)
# No core dump will be written. Minidumps are not enabled by default on client versions of Windows
#

---------------  S U M M A R Y ------------

Command Line: --add-modules=ALL-SYSTEM --add-opens=java.base/java.util=ALL-UNNAMED --add-opens=java.base/java.lang=ALL-UNNAMED --add-opens=java.base/sun.nio.fs=ALL-UNNAMED -Declipse.application=org.eclipse.jdt.ls.core.id1 -Dosgi.bundles.defaultStartLevel=4 -Declipse.product=org.eclipse.jdt.ls.core.product -Djava.import.generatesMetadataFilesAtProjectRoot=false -DDetectVMInstallationsJob.disabled=true -Dfile.encoding=utf8 -XX:+UseParallelGC -XX:GCTimeRatio=4 -XX:AdaptiveSizePolicyWeight=90 -Dsun.zip.disableMemoryMapping=true -Xmx1G -Xms100m -Xlog:disable -javaagent:c:\Users\chaewon\.vscode\extensions\redhat.java-1.29.0-win32-x64\lombok\lombok-1.18.32.jar c:\Users\chaewon\.vscode\extensions\redhat.java-1.29.0-win32-x64\server\plugins\org.eclipse.equinox.launcher_1.6.800.v20240304-1850.jar -configuration c:\Users\chaewon\AppData\Roaming\Code\User\globalStorage\redhat.java\1.29.0\config_ss_win -data c:\Users\chaewon\AppData\Roaming\Code\User\workspaceStorage\237b0aaf8e47e2cbf114db19a3c21012\redhat.java\ss_ws --stdio

Host: 11th Gen Intel(R) Core(TM) i5-1135G7 @ 2.40GHz, 8 cores, 7G,  Windows 11 , 64 bit Build 22621 (10.0.22621.3374)
Time: Tue Apr 16 14:20:22 2024  Windows 11 , 64 bit Build 22621 (10.0.22621.3374) elapsed time: 22.855907 seconds (0d 0h 0m 22s)

---------------  T H R E A D  ---------------

Current thread (0x000001dac14d40d0):  JavaThread "C2 CompilerThread0" daemon [_thread_in_native, id=43960, stack(0x0000005d34000000,0x0000005d34100000)]


Current CompileTask:
C2:  22856 4617       4       java.lang.invoke.MethodType::makeImpl (109 bytes)

Stack: [0x0000005d34000000,0x0000005d34100000]
Native frames: (J=compiled Java code, j=interpreted, Vv=VM code, C=native code)
V  [jvm.dll+0x67d2c9]
V  [jvm.dll+0x834afa]
V  [jvm.dll+0x8365be]
V  [jvm.dll+0x836c23]
V  [jvm.dll+0x2477ff]
V  [jvm.dll+0xac711]
V  [jvm.dll+0xacb5c]
V  [jvm.dll+0xac61b]
V  [jvm.dll+0x65990e]
V  [jvm.dll+0x342480]
V  [jvm.dll+0x68d417]
V  [jvm.dll+0x68ac6c]
V  [jvm.dll+0x1a828c]
V  [jvm.dll+0x218ec8]
V  [jvm.dll+0x1a502d]
V  [jvm.dll+0x2290de]
V  [jvm.dll+0x2272ac]
V  [jvm.dll+0x7e9bb7]
V  [jvm.dll+0x7e3fba]
V  [jvm.dll+0x67c1b5]
C  [ucrtbase.dll+0x29333]
C  [KERNEL32.DLL+0x1257d]
C  [ntdll.dll+0x5aa48]


---------------  P R O C E S S  ---------------

Threads class SMR info:
_java_thread_list=0x000001daa861afb0, length=27, elements={
0x000001daa8591ab0, 0x000001dabc412010, 0x000001dabc414230, 0x000001dac1494330,
0x000001dac14b5ff0, 0x000001dac14b68c0, 0x000001dac14b7190, 0x000001dac14d40d0,
0x000001dac1512a70, 0x000001dabc41e610, 0x000001dac15d9bf0, 0x000001dac1808200,
0x000001dac2b97d70, 0x000001dac2b98280, 0x000001dac2b98790, 0x000001dac2b9a5f0,
0x000001dac2b98ca0, 0x000001dac2b9b520, 0x000001dac2b99bd0, 0x000001dac2b9a0e0,
0x000001dac331ded0, 0x000001dac331d9c0, 0x000001dac331e3e0, 0x000001dac331cfa0,
0x000001dac3321b90, 0x000001dac3320240, 0x000001dac33225b0
}

Java Threads: ( => current thread )
  0x000001daa8591ab0 JavaThread "main" [_thread_blocked, id=17772, stack(0x0000005d33700000,0x0000005d33800000)]
  0x000001dabc412010 JavaThread "Reference Handler" daemon [_thread_blocked, id=4576, stack(0x0000005d33a00000,0x0000005d33b00000)]
  0x000001dabc414230 JavaThread "Finalizer" daemon [_thread_blocked, id=31308, stack(0x0000005d33b00000,0x0000005d33c00000)]
  0x000001dac1494330 JavaThread "Signal Dispatcher" daemon [_thread_blocked, id=27212, stack(0x0000005d33c00000,0x0000005d33d00000)]
  0x000001dac14b5ff0 JavaThread "Attach Listener" daemon [_thread_blocked, id=23848, stack(0x0000005d33d00000,0x0000005d33e00000)]
  0x000001dac14b68c0 JavaThread "Service Thread" daemon [_thread_blocked, id=38516, stack(0x0000005d33e00000,0x0000005d33f00000)]
  0x000001dac14b7190 JavaThread "Monitor Deflation Thread" daemon [_thread_blocked, id=36972, stack(0x0000005d33f00000,0x0000005d34000000)]
=>0x000001dac14d40d0 JavaThread "C2 CompilerThread0" daemon [_thread_in_native, id=43960, stack(0x0000005d34000000,0x0000005d34100000)]
  0x000001dac1512a70 JavaThread "C1 CompilerThread0" daemon [_thread_blocked, id=44792, stack(0x0000005d34100000,0x0000005d34200000)]
  0x000001dabc41e610 JavaThread "Sweeper thread" daemon [_thread_blocked, id=41252, stack(0x0000005d34200000,0x0000005d34300000)]
  0x000001dac15d9bf0 JavaThread "Common-Cleaner" daemon [_thread_blocked, id=40056, stack(0x0000005d34300000,0x0000005d34400000)]
  0x000001dac1808200 JavaThread "Notification Thread" daemon [_thread_blocked, id=43032, stack(0x0000005d34400000,0x0000005d34500000)]
  0x000001dac2b97d70 JavaThread "Active Thread: Equinox Container: 34b4425f-eca6-4af0-b152-0bc83578489b" [_thread_blocked, id=41052, stack(0x0000005d35200000,0x0000005d35300000)]
  0x000001dac2b98280 JavaThread "Framework Event Dispatcher: Equinox Container: 34b4425f-eca6-4af0-b152-0bc83578489b" daemon [_thread_blocked, id=39444, stack(0x0000005d35300000,0x0000005d35400000)]
  0x000001dac2b98790 JavaThread "Start Level: Equinox Container: 34b4425f-eca6-4af0-b152-0bc83578489b" daemon [_thread_blocked, id=5240, stack(0x0000005d35400000,0x0000005d35500000)]
  0x000001dac2b9a5f0 JavaThread "Refresh Thread: Equinox Container: 34b4425f-eca6-4af0-b152-0bc83578489b" daemon [_thread_blocked, id=40352, stack(0x0000005d35700000,0x0000005d35800000)]
  0x000001dac2b98ca0 JavaThread "SCR Component Actor" daemon [_thread_blocked, id=30084, stack(0x0000005d35a00000,0x0000005d35b00000)]
  0x000001dac2b9b520 JavaThread "Worker-JM" [_thread_blocked, id=21584, stack(0x0000005d35b00000,0x0000005d35c00000)]
  0x000001dac2b99bd0 JavaThread "Worker-0" [_thread_blocked, id=20844, stack(0x0000005d35c00000,0x0000005d35d00000)]
  0x000001dac2b9a0e0 JavaThread "Worker-1" [_thread_blocked, id=42104, stack(0x0000005d35d00000,0x0000005d35e00000)]
  0x000001dac331ded0 JavaThread "Worker-2: Shutdown..." [_thread_in_vm, id=43984, stack(0x0000005d35e00000,0x0000005d35f00000)]
  0x000001dac331d9c0 JavaThread "JNA Cleaner" daemon [_thread_blocked, id=31780, stack(0x0000005d35f00000,0x0000005d36000000)]
  0x000001dac331e3e0 JavaThread "pool-2-thread-1" [_thread_blocked, id=34808, stack(0x0000005d36000000,0x0000005d36100000)]
  0x000001dac331cfa0 JavaThread "WorkspaceEventsHandler" [_thread_blocked, id=31348, stack(0x0000005d36200000,0x0000005d36300000)]
  0x000001dac3321b90 JavaThread "pool-1-thread-1" [_thread_blocked, id=3384, stack(0x0000005d36300000,0x0000005d36400000)]
  0x000001dac3320240 JavaThread "ForkJoinPool.commonPool-worker-1" daemon [_thread_blocked, id=41364, stack(0x0000005d34c00000,0x0000005d34d00000)]
  0x000001dac33225b0 JavaThread "pool-3-thread-1" [_thread_blocked, id=35828, stack(0x0000005d34d00000,0x0000005d34e00000)]

Other Threads:
  0x000001daa861e200 VMThread "VM Thread" [stack: 0x0000005d33900000,0x0000005d33a00000] [id=16436]
  0x000001dac18086e0 WatcherThread [stack: 0x0000005d34500000,0x0000005d34600000] [id=33836]
  0x000001daa85a75a0 GCTaskThread "GC Thread#0" [stack: 0x0000005d33800000,0x0000005d33900000] [id=19544]
  0x000001dac2c01460 GCTaskThread "GC Thread#1" [stack: 0x0000005d34600000,0x0000005d34700000] [id=36376]
  0x000001dac2c01720 GCTaskThread "GC Thread#2" [stack: 0x0000005d34700000,0x0000005d34800000] [id=34488]
  0x000001dac28d4730 GCTaskThread "GC Thread#3" [stack: 0x0000005d34800000,0x0000005d34900000] [id=11276]
  0x000001dac28d49f0 GCTaskThread "GC Thread#4" [stack: 0x0000005d34900000,0x0000005d34a00000] [id=31788]
  0x000001dac28d4cb0 GCTaskThread "GC Thread#5" [stack: 0x0000005d34a00000,0x0000005d34b00000] [id=37312]
  0x000001dac2b25040 GCTaskThread "GC Thread#6" [stack: 0x0000005d34b00000,0x0000005d34c00000] [id=33260]
  0x000001dac2c7d370 GCTaskThread "GC Thread#7" [stack: 0x0000005d35600000,0x0000005d35700000] [id=41716]

Threads with active compile tasks:
C2 CompilerThread0    22895 4617       4       java.lang.invoke.MethodType::makeImpl (109 bytes)

VM state: not at safepoint (normal execution)

VM Mutex/Monitor currently owned by a thread:  ([mutex/lock_event])
[0x000001daa858c350] Metaspace_lock - owner thread: 0x000001dac331ded0

Heap address: 0x00000000c0000000, size: 1024 MB, Compressed Oops mode: 32-bit

CDS archive(s) not mapped
Compressed class space mapped at: 0x0000000100000000-0x0000000140000000, reserved size: 1073741824
Narrow klass base: 0x0000000000000000, Narrow klass shift: 3, Narrow klass range: 0x140000000

GC Precious Log:
 CPUs: 8 total, 8 available
 Memory: 7865M
 Large Page Support: Disabled
 NUMA Support: Disabled
 Compressed Oops: Enabled (32-bit)
 Alignments: Space 512K, Generation 512K, Heap 2M
 Heap Min Capacity: 100M
 Heap Initial Capacity: 100M
 Heap Max Capacity: 1G
 Pre-touch: Disabled
 Parallel Workers: 8

Heap:
 PSYoungGen      total 26624K, used 9713K [0x00000000eab00000, 0x00000000eca80000, 0x0000000100000000)
  eden space 22016K, 24% used [0x00000000eab00000,0x00000000eb053598,0x00000000ec080000)
  from space 4608K, 92% used [0x00000000ec600000,0x00000000eca29000,0x00000000eca80000)
  to   space 4608K, 0% used [0x00000000ec180000,0x00000000ec180000,0x00000000ec600000)
 ParOldGen       total 68608K, used 23919K [0x00000000c0000000, 0x00000000c4300000, 0x00000000eab00000)
  object space 68608K, 34% used [0x00000000c0000000,0x00000000c175bcd0,0x00000000c4300000)
 Metaspace       used 39470K, committed 40192K, reserved 1114112K
  class space    used 3998K, committed 4352K, reserved 1048576K

Card table byte_map: [0x000001daa7f20000,0x000001daa8130000] _byte_map_base: 0x000001daa7920000

Marking Bits: (ParMarkBitMap*) 0x00007fffa24dd7d0
 Begin Bits: [0x000001daba220000, 0x000001dabb220000)
 End Bits:   [0x000001dabb220000, 0x000001dabc220000)

Polling page: 0x000001daa66f0000

Metaspace:

Usage:
  Non-class:     34.64 MB used.
      Class:      3.90 MB used.
       Both:     38.55 MB used.

Virtual space:
  Non-class space:       64.00 MB reserved,      35.00 MB ( 55%) committed,  1 nodes.
      Class space:        1.00 GB reserved,       4.25 MB ( <1%) committed,  1 nodes.
             Both:        1.06 GB reserved,      39.25 MB (  4%) committed. 

Chunk freelists:
   Non-Class:  12.99 MB
       Class:  11.79 MB
        Both:  24.78 MB

MaxMetaspaceSize: unlimited
CompressedClassSpaceSize: 1.00 GB
Initial GC threshold: 21.00 MB
Current GC threshold: 58.38 MB
CDS: off
MetaspaceReclaimPolicy: balanced
 - commit_granule_bytes: 65536.
 - commit_granule_words: 8192.
 - virtual_space_node_default_size: 8388608.
 - enlarge_chunks_in_place: 1.
 - new_chunks_are_fully_committed: 0.
 - uncommit_free_chunks: 1.
 - use_allocation_guard: 0.
 - handle_deallocations: 1.


Internal statistics:

num_allocs_failed_limit: 6.
num_arena_births: 388.
num_arena_deaths: 14.
num_vsnodes_births: 2.
num_vsnodes_deaths: 0.
num_space_committed: 628.
num_space_uncommitted: 0.
num_chunks_returned_to_freelist: 20.
num_chunks_taken_from_freelist: 1629.
num_chunk_merges: 10.
num_chunk_splits: 1050.
num_chunks_enlarged: 709.
num_inconsistent_stats: 0.

CodeHeap 'non-profiled nmethods': size=120000Kb used=2445Kb max_used=2445Kb free=117554Kb
 bounds [0x000001dab2cf0000, 0x000001dab2f60000, 0x000001daba220000]
CodeHeap 'profiled nmethods': size=120000Kb used=9611Kb max_used=9611Kb free=110388Kb
 bounds [0x000001daab220000, 0x000001daabb90000, 0x000001dab2750000]
CodeHeap 'non-nmethods': size=5760Kb used=1300Kb max_used=1356Kb free=4459Kb
 bounds [0x000001dab2750000, 0x000001dab29c0000, 0x000001dab2cf0000]
 total_blobs=5232 nmethods=4615 adapters=531
 compilation: enabled
              stopped_count=0, restarted_count=0
 full_count=0

Compilation events (20 events):
Event: 22.799 Thread 0x000001dac1512a70 4607   !   3       java.lang.invoke.BootstrapMethodInvoker::invoke (974 bytes)
Event: 22.802 Thread 0x000001dac14d40d0 nmethod 4601 0x000001dab2f51210 code [0x000001dab2f513a0, 0x000001dab2f51ae8]
Event: 22.802 Thread 0x000001dac14d40d0 4602       4       java.lang.StringUTF16::putCharSB (12 bytes)
Event: 22.802 Thread 0x000001dac14d40d0 nmethod 4602 0x000001dab2f51e90 code [0x000001dab2f52000, 0x000001dab2f52098]
Event: 22.806 Thread 0x000001dac1512a70 nmethod 4607 0x000001daabb75f90 code [0x000001daabb76820, 0x000001daabb7dbb8]
Event: 22.806 Thread 0x000001dac1512a70 4608       3       java.lang.invoke.MethodHandleNatives::staticArgumentsPulled (5 bytes)
Event: 22.806 Thread 0x000001dac14d40d0 4610       4       java.lang.ThreadLocal::set (30 bytes)
Event: 22.806 Thread 0x000001dac1512a70 nmethod 4608 0x000001daabb81090 code [0x000001daabb81220, 0x000001daabb813f8]
Event: 22.806 Thread 0x000001dac1512a70 4609       3       java.lang.invoke.ConstantCallSite::<init> (17 bytes)
Event: 22.806 Thread 0x000001dac1512a70 nmethod 4609 0x000001daabb81490 code [0x000001daabb81660, 0x000001daabb81b48]
Event: 22.812 Thread 0x000001dac14d40d0 nmethod 4610 0x000001dab2f52190 code [0x000001dab2f52340, 0x000001dab2f52798]
Event: 22.821 Thread 0x000001dac1512a70 4611       3       java.io.DataOutputStream::incCount (20 bytes)
Event: 22.821 Thread 0x000001dac1512a70 nmethod 4611 0x000001daabb81d90 code [0x000001daabb81f20, 0x000001daabb82078]
Event: 22.821 Thread 0x000001dac1512a70 4612  s    3       java.io.BufferedOutputStream::write (35 bytes)
Event: 22.822 Thread 0x000001dac1512a70 nmethod 4612 0x000001daabb82110 code [0x000001daabb822c0, 0x000001daabb82688]
Event: 22.822 Thread 0x000001dac1512a70 4613   !   3       org.eclipse.core.internal.localstore.SafeFileOutputStream::write (20 bytes)
Event: 22.822 Thread 0x000001dac1512a70 nmethod 4613 0x000001daabb82810 code [0x000001daabb829c0, 0x000001daabb82bc8]
Event: 22.838 Thread 0x000001dac14d40d0 4617       4       java.lang.invoke.MethodType::makeImpl (109 bytes)
Event: 22.840 Thread 0x000001dac1512a70 4618       1       org.eclipse.core.internal.dtree.AbstractDataTreeNode::getName (5 bytes)
Event: 22.840 Thread 0x000001dac1512a70 nmethod 4618 0x000001dab2f53490 code [0x000001dab2f53620, 0x000001dab2f536f8]

GC Heap History (20 events):
Event: 9.631 GC heap before
{Heap before GC invocations=9 (full 1):
 PSYoungGen      total 27136K, used 27112K [0x00000000eab00000, 0x00000000ec980000, 0x0000000100000000)
  eden space 24576K, 100% used [0x00000000eab00000,0x00000000ec300000,0x00000000ec300000)
  from space 2560K, 99% used [0x00000000ec500000,0x00000000ec77a2b0,0x00000000ec780000)
  to   space 2048K, 0% used [0x00000000ec780000,0x00000000ec780000,0x00000000ec980000)
 ParOldGen       total 68608K, used 8725K [0x00000000c0000000, 0x00000000c4300000, 0x00000000eab00000)
  object space 68608K, 12% used [0x00000000c0000000,0x00000000c0885630,0x00000000c4300000)
 Metaspace       used 30888K, committed 31360K, reserved 1114112K
  class space    used 2960K, committed 3136K, reserved 1048576K
}
Event: 9.633 GC heap after
{Heap after GC invocations=9 (full 1):
 PSYoungGen      total 26112K, used 2043K [0x00000000eab00000, 0x00000000eca80000, 0x0000000100000000)
  eden space 24064K, 0% used [0x00000000eab00000,0x00000000eab00000,0x00000000ec280000)
  from space 2048K, 99% used [0x00000000ec780000,0x00000000ec97eda0,0x00000000ec980000)
  to   space 4096K, 0% used [0x00000000ec280000,0x00000000ec280000,0x00000000ec680000)
 ParOldGen       total 68608K, used 10348K [0x00000000c0000000, 0x00000000c4300000, 0x00000000eab00000)
  object space 68608K, 15% used [0x00000000c0000000,0x00000000c0a1b2a8,0x00000000c4300000)
 Metaspace       used 30888K, committed 31360K, reserved 1114112K
  class space    used 2960K, committed 3136K, reserved 1048576K
}
Event: 10.561 GC heap before
{Heap before GC invocations=10 (full 1):
 PSYoungGen      total 26112K, used 26107K [0x00000000eab00000, 0x00000000eca80000, 0x0000000100000000)
  eden space 24064K, 100% used [0x00000000eab00000,0x00000000ec280000,0x00000000ec280000)
  from space 2048K, 99% used [0x00000000ec780000,0x00000000ec97eda0,0x00000000ec980000)
  to   space 4096K, 0% used [0x00000000ec280000,0x00000000ec280000,0x00000000ec680000)
 ParOldGen       total 68608K, used 10348K [0x00000000c0000000, 0x00000000c4300000, 0x00000000eab00000)
  object space 68608K, 15% used [0x00000000c0000000,0x00000000c0a1b2a8,0x00000000c4300000)
 Metaspace       used 34676K, committed 35328K, reserved 1114112K
  class space    used 3445K, committed 3712K, reserved 1048576K
}
Event: 10.564 GC heap after
{Heap after GC invocations=10 (full 1):
 PSYoungGen      total 26624K, used 2779K [0x00000000eab00000, 0x00000000ec900000, 0x0000000100000000)
  eden space 23552K, 0% used [0x00000000eab00000,0x00000000eab00000,0x00000000ec200000)
  from space 3072K, 90% used [0x00000000ec280000,0x00000000ec536da0,0x00000000ec580000)
  to   space 3584K, 0% used [0x00000000ec580000,0x00000000ec580000,0x00000000ec900000)
 ParOldGen       total 68608K, used 10652K [0x00000000c0000000, 0x00000000c4300000, 0x00000000eab00000)
  object space 68608K, 15% used [0x00000000c0000000,0x00000000c0a672c8,0x00000000c4300000)
 Metaspace       used 34676K, committed 35328K, reserved 1114112K
  class space    used 3445K, committed 3712K, reserved 1048576K
}
Event: 10.710 GC heap before
{Heap before GC invocations=11 (full 1):
 PSYoungGen      total 26624K, used 6433K [0x00000000eab00000, 0x00000000ec900000, 0x0000000100000000)
  eden space 23552K, 15% used [0x00000000eab00000,0x00000000eae917f8,0x00000000ec200000)
  from space 3072K, 90% used [0x00000000ec280000,0x00000000ec536da0,0x00000000ec580000)
  to   space 3584K, 0% used [0x00000000ec580000,0x00000000ec580000,0x00000000ec900000)
 ParOldGen       total 68608K, used 10652K [0x00000000c0000000, 0x00000000c4300000, 0x00000000eab00000)
  object space 68608K, 15% used [0x00000000c0000000,0x00000000c0a672c8,0x00000000c4300000)
 Metaspace       used 35254K, committed 35840K, reserved 1114112K
  class space    used 3520K, committed 3776K, reserved 1048576K
}
Event: 10.712 GC heap after
{Heap after GC invocations=11 (full 1):
 PSYoungGen      total 25088K, used 1344K [0x00000000eab00000, 0x00000000ec700000, 0x0000000100000000)
  eden space 23552K, 0% used [0x00000000eab00000,0x00000000eab00000,0x00000000ec200000)
  from space 1536K, 87% used [0x00000000ec580000,0x00000000ec6d0020,0x00000000ec700000)
  to   space 2048K, 0% used [0x00000000ec300000,0x00000000ec300000,0x00000000ec500000)
 ParOldGen       total 68608K, used 12425K [0x00000000c0000000, 0x00000000c4300000, 0x00000000eab00000)
  object space 68608K, 18% used [0x00000000c0000000,0x00000000c0c22488,0x00000000c4300000)
 Metaspace       used 35254K, committed 35840K, reserved 1114112K
  class space    used 3520K, committed 3776K, reserved 1048576K
}
Event: 10.712 GC heap before
{Heap before GC invocations=12 (full 2):
 PSYoungGen      total 25088K, used 1344K [0x00000000eab00000, 0x00000000ec700000, 0x0000000100000000)
  eden space 23552K, 0% used [0x00000000eab00000,0x00000000eab00000,0x00000000ec200000)
  from space 1536K, 87% used [0x00000000ec580000,0x00000000ec6d0020,0x00000000ec700000)
  to   space 2048K, 0% used [0x00000000ec300000,0x00000000ec300000,0x00000000ec500000)
 ParOldGen       total 68608K, used 12425K [0x00000000c0000000, 0x00000000c4300000, 0x00000000eab00000)
  object space 68608K, 18% used [0x00000000c0000000,0x00000000c0c22488,0x00000000c4300000)
 Metaspace       used 35254K, committed 35840K, reserved 1114112K
  class space    used 3520K, committed 3776K, reserved 1048576K
}
Event: 10.738 GC heap after
{Heap after GC invocations=12 (full 2):
 PSYoungGen      total 25088K, used 0K [0x00000000eab00000, 0x00000000ec700000, 0x0000000100000000)
  eden space 23552K, 0% used [0x00000000eab00000,0x00000000eab00000,0x00000000ec200000)
  from space 1536K, 0% used [0x00000000ec580000,0x00000000ec580000,0x00000000ec700000)
  to   space 2048K, 0% used [0x00000000ec300000,0x00000000ec300000,0x00000000ec500000)
 ParOldGen       total 68608K, used 13476K [0x00000000c0000000, 0x00000000c4300000, 0x00000000eab00000)
  object space 68608K, 19% used [0x00000000c0000000,0x00000000c0d29370,0x00000000c4300000)
 Metaspace       used 35254K, committed 35840K, reserved 1114112K
  class space    used 3520K, committed 3776K, reserved 1048576K
}
Event: 11.553 GC heap before
{Heap before GC invocations=13 (full 2):
 PSYoungGen      total 25088K, used 23552K [0x00000000eab00000, 0x00000000ec700000, 0x0000000100000000)
  eden space 23552K, 100% used [0x00000000eab00000,0x00000000ec200000,0x00000000ec200000)
  from space 1536K, 0% used [0x00000000ec580000,0x00000000ec580000,0x00000000ec700000)
  to   space 2048K, 0% used [0x00000000ec300000,0x00000000ec300000,0x00000000ec500000)
 ParOldGen       total 68608K, used 13476K [0x00000000c0000000, 0x00000000c4300000, 0x00000000eab00000)
  object space 68608K, 19% used [0x00000000c0000000,0x00000000c0d29370,0x00000000c4300000)
 Metaspace       used 38055K, committed 38784K, reserved 1114112K
  class space    used 3820K, committed 4160K, reserved 1048576K
}
Event: 11.556 GC heap after
{Heap after GC invocations=13 (full 2):
 PSYoungGen      total 24576K, used 1376K [0x00000000eab00000, 0x00000000ec600000, 0x0000000100000000)
  eden space 23040K, 0% used [0x00000000eab00000,0x00000000eab00000,0x00000000ec180000)
  from space 1536K, 89% used [0x00000000ec300000,0x00000000ec458000,0x00000000ec480000)
  to   space 1536K, 0% used [0x00000000ec480000,0x00000000ec480000,0x00000000ec600000)
 ParOldGen       total 68608K, used 13484K [0x00000000c0000000, 0x00000000c4300000, 0x00000000eab00000)
  object space 68608K, 19% used [0x00000000c0000000,0x00000000c0d2b370,0x00000000c4300000)
 Metaspace       used 38055K, committed 38784K, reserved 1114112K
  class space    used 3820K, committed 4160K, reserved 1048576K
}
Event: 11.745 GC heap before
{Heap before GC invocations=14 (full 2):
 PSYoungGen      total 24576K, used 24416K [0x00000000eab00000, 0x00000000ec600000, 0x0000000100000000)
  eden space 23040K, 100% used [0x00000000eab00000,0x00000000ec180000,0x00000000ec180000)
  from space 1536K, 89% used [0x00000000ec300000,0x00000000ec458000,0x00000000ec480000)
  to   space 1536K, 0% used [0x00000000ec480000,0x00000000ec480000,0x00000000ec600000)
 ParOldGen       total 68608K, used 13484K [0x00000000c0000000, 0x00000000c4300000, 0x00000000eab00000)
  object space 68608K, 19% used [0x00000000c0000000,0x00000000c0d2b370,0x00000000c4300000)
 Metaspace       used 38759K, committed 39488K, reserved 1114112K
  class space    used 3900K, committed 4224K, reserved 1048576K
}
Event: 11.751 GC heap after
{Heap after GC invocations=14 (full 2):
 PSYoungGen      total 23552K, used 1504K [0x00000000eab00000, 0x00000000ec900000, 0x0000000100000000)
  eden space 22016K, 0% used [0x00000000eab00000,0x00000000eab00000,0x00000000ec080000)
  from space 1536K, 97% used [0x00000000ec480000,0x00000000ec5f8040,0x00000000ec600000)
  to   space 4096K, 0% used [0x00000000ec080000,0x00000000ec080000,0x00000000ec480000)
 ParOldGen       total 68608K, used 15394K [0x00000000c0000000, 0x00000000c4300000, 0x00000000eab00000)
  object space 68608K, 22% used [0x00000000c0000000,0x00000000c0f08a18,0x00000000c4300000)
 Metaspace       used 38759K, committed 39488K, reserved 1114112K
  class space    used 3900K, committed 4224K, reserved 1048576K
}
Event: 11.893 GC heap before
{Heap before GC invocations=15 (full 2):
 PSYoungGen      total 23552K, used 23520K [0x00000000eab00000, 0x00000000ec900000, 0x0000000100000000)
  eden space 22016K, 100% used [0x00000000eab00000,0x00000000ec080000,0x00000000ec080000)
  from space 1536K, 97% used [0x00000000ec480000,0x00000000ec5f8040,0x00000000ec600000)
  to   space 4096K, 0% used [0x00000000ec080000,0x00000000ec080000,0x00000000ec480000)
 ParOldGen       total 68608K, used 15394K [0x00000000c0000000, 0x00000000c4300000, 0x00000000eab00000)
  object space 68608K, 22% used [0x00000000c0000000,0x00000000c0f08a18,0x00000000c4300000)
 Metaspace       used 38791K, committed 39488K, reserved 1114112K
  class space    used 3900K, committed 4224K, reserved 1048576K
}
Event: 11.897 GC heap after
{Heap after GC invocations=15 (full 2):
 PSYoungGen      total 24576K, used 2240K [0x00000000eab00000, 0x00000000ec680000, 0x0000000100000000)
  eden space 22016K, 0% used [0x00000000eab00000,0x00000000eab00000,0x00000000ec080000)
  from space 2560K, 87% used [0x00000000ec080000,0x00000000ec2b0010,0x00000000ec300000)
  to   space 3072K, 0% used [0x00000000ec380000,0x00000000ec380000,0x00000000ec680000)
 ParOldGen       total 68608K, used 16858K [0x00000000c0000000, 0x00000000c4300000, 0x00000000eab00000)
  object space 68608K, 24% used [0x00000000c0000000,0x00000000c1076a48,0x00000000c4300000)
 Metaspace       used 38791K, committed 39488K, reserved 1114112K
  class space    used 3900K, committed 4224K, reserved 1048576K
}
Event: 11.989 GC heap before
{Heap before GC invocations=16 (full 2):
 PSYoungGen      total 24576K, used 24256K [0x00000000eab00000, 0x00000000ec680000, 0x0000000100000000)
  eden space 22016K, 100% used [0x00000000eab00000,0x00000000ec080000,0x00000000ec080000)
  from space 2560K, 87% used [0x00000000ec080000,0x00000000ec2b0010,0x00000000ec300000)
  to   space 3072K, 0% used [0x00000000ec380000,0x00000000ec380000,0x00000000ec680000)
 ParOldGen       total 68608K, used 16858K [0x00000000c0000000, 0x00000000c4300000, 0x00000000eab00000)
  object space 68608K, 24% used [0x00000000c0000000,0x00000000c1076a48,0x00000000c4300000)
 Metaspace       used 38847K, committed 39552K, reserved 1114112K
  class space    used 3912K, committed 4224K, reserved 1048576K
}
Event: 11.994 GC heap after
{Heap after GC invocations=16 (full 2):
 PSYoungGen      total 24576K, used 2272K [0x00000000eab00000, 0x00000000ec600000, 0x0000000100000000)
  eden space 22016K, 0% used [0x00000000eab00000,0x00000000eab00000,0x00000000ec080000)
  from space 2560K, 88% used [0x00000000ec380000,0x00000000ec5b8000,0x00000000ec600000)
  to   space 2560K, 0% used [0x00000000ec080000,0x00000000ec080000,0x00000000ec300000)
 ParOldGen       total 68608K, used 19039K [0x00000000c0000000, 0x00000000c4300000, 0x00000000eab00000)
  object space 68608K, 27% used [0x00000000c0000000,0x00000000c1297db0,0x00000000c4300000)
 Metaspace       used 38847K, committed 39552K, reserved 1114112K
  class space    used 3912K, committed 4224K, reserved 1048576K
}
Event: 12.049 GC heap before
{Heap before GC invocations=17 (full 2):
 PSYoungGen      total 24576K, used 24288K [0x00000000eab00000, 0x00000000ec600000, 0x0000000100000000)
  eden space 22016K, 100% used [0x00000000eab00000,0x00000000ec080000,0x00000000ec080000)
  from space 2560K, 88% used [0x00000000ec380000,0x00000000ec5b8000,0x00000000ec600000)
  to   space 2560K, 0% used [0x00000000ec080000,0x00000000ec080000,0x00000000ec300000)
 ParOldGen       total 68608K, used 19039K [0x00000000c0000000, 0x00000000c4300000, 0x00000000eab00000)
  object space 68608K, 27% used [0x00000000c0000000,0x00000000c1297db0,0x00000000c4300000)
 Metaspace       used 38847K, committed 39552K, reserved 1114112K
  class space    used 3912K, committed 4224K, reserved 1048576K
}
Event: 12.053 GC heap after
{Heap after GC invocations=17 (full 2):
 PSYoungGen      total 24576K, used 2528K [0x00000000eab00000, 0x00000000ecb80000, 0x0000000100000000)
  eden space 22016K, 0% used [0x00000000eab00000,0x00000000eab00000,0x00000000ec080000)
  from space 2560K, 98% used [0x00000000ec080000,0x00000000ec2f8010,0x00000000ec300000)
  to   space 5632K, 0% used [0x00000000ec600000,0x00000000ec600000,0x00000000ecb80000)
 ParOldGen       total 68608K, used 21375K [0x00000000c0000000, 0x00000000c4300000, 0x00000000eab00000)
  object space 68608K, 31% used [0x00000000c0000000,0x00000000c14dfcc0,0x00000000c4300000)
 Metaspace       used 38847K, committed 39552K, reserved 1114112K
  class space    used 3912K, committed 4224K, reserved 1048576K
}
Event: 12.222 GC heap before
{Heap before GC invocations=18 (full 2):
 PSYoungGen      total 24576K, used 24534K [0x00000000eab00000, 0x00000000ecb80000, 0x0000000100000000)
  eden space 22016K, 99% used [0x00000000eab00000,0x00000000ec07d840,0x00000000ec080000)
  from space 2560K, 98% used [0x00000000ec080000,0x00000000ec2f8010,0x00000000ec300000)
  to   space 5632K, 0% used [0x00000000ec600000,0x00000000ec600000,0x00000000ecb80000)
 ParOldGen       total 68608K, used 21375K [0x00000000c0000000, 0x00000000c4300000, 0x00000000eab00000)
  object space 68608K, 31% used [0x00000000c0000000,0x00000000c14dfcc0,0x00000000c4300000)
 Metaspace       used 39021K, committed 39808K, reserved 1114112K
  class space    used 3924K, committed 4288K, reserved 1048576K
}
Event: 12.233 GC heap after
{Heap after GC invocations=18 (full 2):
 PSYoungGen      total 26624K, used 4260K [0x00000000eab00000, 0x00000000eca80000, 0x0000000100000000)
  eden space 22016K, 0% used [0x00000000eab00000,0x00000000eab00000,0x00000000ec080000)
  from space 4608K, 92% used [0x00000000ec600000,0x00000000eca29000,0x00000000eca80000)
  to   space 4608K, 0% used [0x00000000ec180000,0x00000000ec180000,0x00000000ec600000)
 ParOldGen       total 68608K, used 23919K [0x00000000c0000000, 0x00000000c4300000, 0x00000000eab00000)
  object space 68608K, 34% used [0x00000000c0000000,0x00000000c175bcd0,0x00000000c4300000)
 Metaspace       used 39021K, committed 39808K, reserved 1114112K
  class space    used 3924K, committed 4288K, reserved 1048576K
}

Dll operation events (12 events):
Event: 0.173 Loaded shared library c:\Users\chaewon\.vscode\extensions\redhat.java-1.29.0-win32-x64\jre\17.0.10-win32-x86_64\bin\java.dll
Event: 0.523 Loaded shared library c:\Users\chaewon\.vscode\extensions\redhat.java-1.29.0-win32-x64\jre\17.0.10-win32-x86_64\bin\zip.dll
Event: 0.541 Loaded shared library C:\Users\chaewon\.vscode\extensions\redhat.java-1.29.0-win32-x64\jre\17.0.10-win32-x86_64\bin\instrument.dll
Event: 0.644 Loaded shared library C:\Users\chaewon\.vscode\extensions\redhat.java-1.29.0-win32-x64\jre\17.0.10-win32-x86_64\bin\net.dll
Event: 0.694 Loaded shared library C:\Users\chaewon\.vscode\extensions\redhat.java-1.29.0-win32-x64\jre\17.0.10-win32-x86_64\bin\nio.dll
Event: 0.715 Loaded shared library C:\Users\chaewon\.vscode\extensions\redhat.java-1.29.0-win32-x64\jre\17.0.10-win32-x86_64\bin\zip.dll
Event: 0.742 Loaded shared library C:\Users\chaewon\.vscode\extensions\redhat.java-1.29.0-win32-x64\jre\17.0.10-win32-x86_64\bin\jimage.dll
Event: 0.962 Loaded shared library c:\Users\chaewon\.vscode\extensions\redhat.java-1.29.0-win32-x64\jre\17.0.10-win32-x86_64\bin\verify.dll
Event: 4.534 Loaded shared library C:\Users\chaewon\AppData\Roaming\Code\User\globalStorage\redhat.java\1.29.0\config_ss_win\org.eclipse.equinox.launcher\org.eclipse.equinox.launcher.win32.win32.x86_64_1.2.900.v20240213-1244\eclipse_11900.dll
Event: 7.392 Loaded shared library C:\Users\chaewon\.vscode\extensions\redhat.java-1.29.0-win32-x64\jre\17.0.10-win32-x86_64\bin\management.dll
Event: 7.480 Loaded shared library C:\Users\chaewon\.vscode\extensions\redhat.java-1.29.0-win32-x64\jre\17.0.10-win32-x86_64\bin\management_ext.dll
Event: 9.908 Loaded shared library C:\Users\chaewon\AppData\Local\Temp\jna-738691245\jna14179521980918151566.dll

Deoptimization events (20 events):
Event: 12.290 Thread 0x000001dac331ded0 Uncommon trap: trap_request=0xffffffde fr.pc=0x000001dab2eda830 relative=0x0000000000000b30
Event: 12.290 Thread 0x000001dac331ded0 Uncommon trap: reason=class_check action=maybe_recompile pc=0x000001dab2eda830 method=java.util.Spliterators$1Adapter.hasNext()Z @ 12 c2
Event: 12.290 Thread 0x000001dac331ded0 DEOPT PACKING pc=0x000001dab2eda830 sp=0x0000005d35efe700
Event: 12.290 Thread 0x000001dac331ded0 DEOPT UNPACKING pc=0x000001dab27a9ea3 sp=0x0000005d35efe6c8 mode 2
Event: 12.290 Thread 0x000001dac331ded0 Uncommon trap: trap_request=0xffffffde fr.pc=0x000001dab2eda830 relative=0x0000000000000b30
Event: 12.290 Thread 0x000001dac331ded0 Uncommon trap: reason=class_check action=maybe_recompile pc=0x000001dab2eda830 method=java.util.Spliterators$1Adapter.hasNext()Z @ 12 c2
Event: 12.290 Thread 0x000001dac331ded0 DEOPT PACKING pc=0x000001dab2eda830 sp=0x0000005d35efe700
Event: 12.290 Thread 0x000001dac331ded0 DEOPT UNPACKING pc=0x000001dab27a9ea3 sp=0x0000005d35efe6c8 mode 2
Event: 12.316 Thread 0x000001dac331ded0 Uncommon trap: trap_request=0xffffff45 fr.pc=0x000001dab2e736c0 relative=0x0000000000003f40
Event: 12.316 Thread 0x000001dac331ded0 Uncommon trap: reason=unstable_if action=reinterpret pc=0x000001dab2e736c0 method=jdk.internal.org.objectweb.asm.Frame.push(I)V @ 26 c2
Event: 12.316 Thread 0x000001dac331ded0 DEOPT PACKING pc=0x000001dab2e736c0 sp=0x0000005d35efd3e0
Event: 12.316 Thread 0x000001dac331ded0 DEOPT UNPACKING pc=0x000001dab27a9ea3 sp=0x0000005d35efd318 mode 2
Event: 14.737 Thread 0x000001dac2cbacf0 Uncommon trap: trap_request=0xffffffde fr.pc=0x000001dab2e62aec relative=0x0000000000000e4c
Event: 14.737 Thread 0x000001dac2cbacf0 Uncommon trap: reason=class_check action=maybe_recompile pc=0x000001dab2e62aec method=java.util.concurrent.ConcurrentHashMap.putVal(Ljava/lang/Object;Ljava/lang/Object;Z)Ljava/lang/Object; @ 242 c2
Event: 14.737 Thread 0x000001dac2cbacf0 DEOPT PACKING pc=0x000001dab2e62aec sp=0x0000005d34ffdc60
Event: 14.737 Thread 0x000001dac2cbacf0 DEOPT UNPACKING pc=0x000001dab27a9ea3 sp=0x0000005d34ffdbd0 mode 2
Event: 22.791 Thread 0x000001dac331ded0 Uncommon trap: trap_request=0xffffffde fr.pc=0x000001dab2eda830 relative=0x0000000000000b30
Event: 22.791 Thread 0x000001dac331ded0 Uncommon trap: reason=class_check action=maybe_recompile pc=0x000001dab2eda830 method=java.util.Spliterators$1Adapter.hasNext()Z @ 12 c2
Event: 22.791 Thread 0x000001dac331ded0 DEOPT PACKING pc=0x000001dab2eda830 sp=0x0000005d35efe680
Event: 22.791 Thread 0x000001dac331ded0 DEOPT UNPACKING pc=0x000001dab27a9ea3 sp=0x0000005d35efe648 mode 2

Classes unloaded (7 events):
Event: 7.546 Thread 0x000001daa861e200 Unloading class 0x000000010022a000 'java/lang/invoke/LambdaForm$MH+0x000000010022a000'
Event: 7.546 Thread 0x000001daa861e200 Unloading class 0x0000000100229c00 'java/lang/invoke/LambdaForm$MH+0x0000000100229c00'
Event: 7.546 Thread 0x000001daa861e200 Unloading class 0x0000000100229800 'java/lang/invoke/LambdaForm$MH+0x0000000100229800'
Event: 7.546 Thread 0x000001daa861e200 Unloading class 0x0000000100229400 'java/lang/invoke/LambdaForm$MH+0x0000000100229400'
Event: 7.546 Thread 0x000001daa861e200 Unloading class 0x0000000100229000 'java/lang/invoke/LambdaForm$BMH+0x0000000100229000'
Event: 7.546 Thread 0x000001daa861e200 Unloading class 0x0000000100228c00 'java/lang/invoke/LambdaForm$DMH+0x0000000100228c00'
Event: 7.546 Thread 0x000001daa861e200 Unloading class 0x0000000100220400 'java/lang/invoke/LambdaForm$DMH+0x0000000100220400'

Classes redefined (0 events):
No events

Internal exceptions (20 events):
Event: 11.386 Thread 0x000001dac331ded0 Exception <a 'java/io/FileNotFoundException'{0x00000000eba3e438}> (0x00000000eba3e438) 
thrown [s\src\hotspot\share\prims\jni.cpp, line 516]
Event: 11.392 Thread 0x000001dac331ded0 Exception <a 'sun/nio/fs/WindowsException'{0x00000000eba4edd8}> (0x00000000eba4edd8) 
thrown [s\src\hotspot\share\prims\jni.cpp, line 516]
Event: 11.458 Thread 0x000001dac331ded0 Exception <a 'java/lang/NoSuchMethodError'{0x00000000ebc5a2b8}: 'java.lang.Object java.lang.invoke.Invokers$Holder.invoke_MT(java.lang.Object, java.lang.Object, java.lang.Object)'> (0x00000000ebc5a2b8) 
thrown [s\src\hotspot\share\interpreter\linkResolver.cpp, line 759]
Event: 11.699 Thread 0x000001dac331ded0 Exception <a 'java/io/FileNotFoundException'{0x00000000ebb9f240}> (0x00000000ebb9f240) 
thrown [s\src\hotspot\share\prims\jni.cpp, line 516]
Event: 11.701 Thread 0x000001dac331ded0 Exception <a 'java/lang/NoSuchMethodError'{0x00000000ebbb1940}: 'void java.lang.invoke.DirectMethodHandle$Holder.invokeStaticInit(java.lang.Object, java.lang.Object, java.lang.Object)'> (0x00000000ebbb1940) 
thrown [s\src\hotspot\share\interpreter\linkResolver.cpp, line 759]
Event: 12.187 Thread 0x000001dac331ded0 Exception <a 'java/lang/ClassNotFoundException'{0x00000000ebf55050}: com/sun/org/apache/xerces/internal/impl/msg/spi/DOMMessagesProvider> (0x00000000ebf55050) 
thrown [s\src\hotspot\share\classfile\systemDictionary.cpp, line 256]
Event: 12.189 Thread 0x000001dac331ded0 Exception <a 'java/lang/ClassNotFoundException'{0x00000000ebf783b0}: com/sun/org/apache/xerces/internal/impl/msg/spi/XMLSerializerMessagesProvider> (0x00000000ebf783b0) 
thrown [s\src\hotspot\share\classfile\systemDictionary.cpp, line 256]
Event: 12.192 Thread 0x000001dac331ded0 Exception <a 'java/lang/ClassNotFoundException'{0x00000000ebf91998}: com/sun/org/apache/xerces/internal/impl/msg/spi/XMLMessagesProvider> (0x00000000ebf91998) 
thrown [s\src\hotspot\share\classfile\systemDictionary.cpp, line 256]
Event: 12.209 Thread 0x000001dac331ded0 Exception <a 'java/io/FileNotFoundException'{0x00000000ec04da98}> (0x00000000ec04da98) 
thrown [s\src\hotspot\share\prims\jni.cpp, line 516]
Event: 12.215 Thread 0x000001dac331ded0 Exception <a 'java/io/FileNotFoundException'{0x00000000ec0555c8}> (0x00000000ec0555c8) 
thrown [s\src\hotspot\share\prims\jni.cpp, line 516]
Event: 12.234 Thread 0x000001dac331ded0 Exception <a 'java/io/FileNotFoundException'{0x00000000eab04148}> (0x00000000eab04148) 
thrown [s\src\hotspot\share\prims\jni.cpp, line 516]
Event: 12.250 Thread 0x000001dac331ded0 Exception <a 'java/io/FileNotFoundException'{0x00000000eab2dec8}> (0x00000000eab2dec8) 
thrown [s\src\hotspot\share\prims\jni.cpp, line 516]
Event: 12.251 Thread 0x000001dac331ded0 Exception <a 'java/io/FileNotFoundException'{0x00000000eab2f480}> (0x00000000eab2f480) 
thrown [s\src\hotspot\share\prims\jni.cpp, line 516]
Event: 12.251 Thread 0x000001dac331ded0 Exception <a 'java/io/FileNotFoundException'{0x00000000eab30620}> (0x00000000eab30620) 
thrown [s\src\hotspot\share\prims\jni.cpp, line 516]
Event: 12.317 Thread 0x000001dac331ded0 Exception <a 'java/lang/NoSuchMethodError'{0x00000000eae16a68}: 'java.lang.Object java.lang.invoke.DirectMethodHandle$Holder.newInvokeSpecial(java.lang.Object, java.lang.Object, java.lang.Object, java.lang.Object, java.lang.Object, java.lang.Object, java.lang.Object, java.lang.Object)'> (0x00000000eae16a68) 
thrown [s\src\hotspot\share\interpreter\linkResolver.cpp, line 759]
Event: 12.318 Thread 0x000001dac331ded0 Exception <a 'java/lang/NoSuchMethodError'{0x00000000eae1bb30}: 'java.lang.Object java.lang.invoke.DirectMethodHandle$Holder.invokeSpecial(java.lang.Object, java.lang.Object, java.lang.Object, java.lang.Object, java.lang.Object, java.lang.Object, java.lang.Object, java.lang.Object, java.lang.Object)'> (0x00000000eae1bb30) 
thrown [s\src\hotspot\share\interpreter\linkResolver.cpp, line 759]
Event: 12.318 Thread 0x000001dac331ded0 Exception <a 'java/lang/NoSuchMethodError'{0x00000000eae20510}: 'java.lang.Object java.lang.invoke.Invokers$Holder.linkToTargetMethod(java.lang.Object, java.lang.Object, java.lang.Object, java.lang.Object, java.lang.Object, java.lang.Object, java.lang.Object, java.lang.Object)'> (0x00000000eae20510) 
thrown [s\src\hotspot\share\interpreter\linkResolver.cpp, line 759]
Event: 22.832 Thread 0x000001dac331ded0 Exception <a 'java/lang/NoSuchMethodError'{0x00000000eaf95c58}: 'java.lang.Object java.lang.invoke.DirectMethodHandle$Holder.newInvokeSpecial(java.lang.Object, java.lang.Object, java.lang.Object, java.lang.Object, java.lang.Object, java.lang.Object, java.lang.Object, java.lang.Object, java.lang.Object, java.lang.Object)'> (0x00000000eaf95c58) 
thrown [s\src\hotspot\share\interpreter\linkResolver.cpp, line 759]
Event: 22.832 Thread 0x000001dac331ded0 Exception <a 'java/lang/NoSuchMethodError'{0x00000000eaf9a948}: 'java.lang.Object java.lang.invoke.DirectMethodHandle$Holder.invokeSpecial(java.lang.Object, java.lang.Object, java.lang.Object, java.lang.Object, java.lang.Object, java.lang.Object, java.lang.Object, java.lang.Object, java.lang.Object, java.lang.Object, java.lang.Object)'> (0x00000000eaf9a948) 
thrown [s\src\hotspot\share\interpreter\linkResolver.cpp, line 759]
Event: 22.832 Thread 0x000001dac331ded0 Exception <a 'java/lang/NoSuchMethodError'{0x00000000eaf9ee58}: 'java.lang.Object java.lang.invoke.Invokers$Holder.linkToTargetMethod(java.lang.Object, java.lang.Object, java.lang.Object, java.lang.Object, java.lang.Object, java.lang.Object, java.lang.Object, java.lang.Object, java.lang.Object, java.lang.Object)'> (0x00000000eaf9ee58) 
thrown [s\src\hotspot\share\interpreter\linkResolver.cpp, line 759]

VM Operations (20 events):
Event: 11.473 Executing VM operation: HandshakeAllThreads
Event: 11.473 Executing VM operation: HandshakeAllThreads done
Event: 11.474 Executing VM operation: HandshakeAllThreads
Event: 11.474 Executing VM operation: HandshakeAllThreads done
Event: 11.553 Executing VM operation: ParallelGCFailedAllocation
Event: 11.556 Executing VM operation: ParallelGCFailedAllocation done
Event: 11.610 Executing VM operation: HandshakeAllThreads
Event: 11.610 Executing VM operation: HandshakeAllThreads done
Event: 11.745 Executing VM operation: ParallelGCFailedAllocation
Event: 11.752 Executing VM operation: ParallelGCFailedAllocation done
Event: 11.893 Executing VM operation: ParallelGCFailedAllocation
Event: 11.897 Executing VM operation: ParallelGCFailedAllocation done
Event: 11.989 Executing VM operation: ParallelGCFailedAllocation
Event: 11.994 Executing VM operation: ParallelGCFailedAllocation done
Event: 12.049 Executing VM operation: ParallelGCFailedAllocation
Event: 12.053 Executing VM operation: ParallelGCFailedAllocation done
Event: 12.221 Executing VM operation: ParallelGCFailedAllocation
Event: 12.234 Executing VM operation: ParallelGCFailedAllocation done
Event: 14.235 Executing VM operation: Cleanup
Event: 14.235 Executing VM operation: Cleanup done

Events (20 events):
Event: 22.796 loading class java/util/concurrent/Executors$DelegatedExecutorService
Event: 22.797 loading class java/util/concurrent/Executors$DelegatedExecutorService done
Event: 22.797 loading class java/util/concurrent/Executors$DelegatedScheduledExecutorService done
Event: 22.798 Thread 0x000001dac33225b0 Thread added: 0x000001dac33225b0
Event: 22.806 loading class sun/nio/cs/ThreadLocalCoders
Event: 22.807 loading class sun/nio/cs/ThreadLocalCoders done
Event: 22.807 loading class sun/nio/cs/ThreadLocalCoders$1
Event: 22.807 loading class sun/nio/cs/ThreadLocalCoders$Cache
Event: 22.807 loading class sun/nio/cs/ThreadLocalCoders$Cache done
Event: 22.807 loading class sun/nio/cs/ThreadLocalCoders$1 done
Event: 22.807 loading class sun/nio/cs/ThreadLocalCoders$2
Event: 22.807 loading class sun/nio/cs/ThreadLocalCoders$2 done
Event: 22.811 loading class java/util/concurrent/ConcurrentHashMap$EntrySpliterator
Event: 22.811 loading class java/util/concurrent/ConcurrentHashMap$EntrySpliterator done
Event: 22.816 Thread 0x000001dac3321170 Thread added: 0x000001dac3321170
Event: 22.817 Thread 0x000001dac3321170 Thread exited: 0x000001dac3321170
Event: 22.823 loading class java/util/Collections$EmptyListIterator
Event: 22.823 loading class java/util/Collections$EmptyListIterator done
Event: 22.837 Thread 0x000001dac331ca90 Thread added: 0x000001dac331ca90
Event: 22.843 Thread 0x000001dac331ca90 Thread exited: 0x000001dac331ca90


Dynamic libraries:
0x00007ff6cf140000 - 0x00007ff6cf14e000 	c:\Users\chaewon\.vscode\extensions\redhat.java-1.29.0-win32-x64\jre\17.0.10-win32-x86_64\bin\java.exe
0x00007ff860f50000 - 0x00007ff861166000 	C:\WINDOWS\SYSTEM32\ntdll.dll
0x00007ff85ff50000 - 0x00007ff860014000 	C:\WINDOWS\System32\KERNEL32.DLL
0x00007ff85e5c0000 - 0x00007ff85e967000 	C:\WINDOWS\System32\KERNELBASE.dll
0x00007ff85e2e0000 - 0x00007ff85e3f1000 	C:\WINDOWS\System32\ucrtbase.dll
0x00007ff82e520000 - 0x00007ff82e53b000 	c:\Users\chaewon\.vscode\extensions\redhat.java-1.29.0-win32-x64\jre\17.0.10-win32-x86_64\bin\VCRUNTIME140.dll
0x00007ff841d00000 - 0x00007ff841d17000 	c:\Users\chaewon\.vscode\extensions\redhat.java-1.29.0-win32-x64\jre\17.0.10-win32-x86_64\bin\jli.dll
0x00007ff860120000 - 0x00007ff8602ce000 	C:\WINDOWS\System32\USER32.dll
0x00007ff85e430000 - 0x00007ff85e456000 	C:\WINDOWS\System32\win32u.dll
0x00007ff85ece0000 - 0x00007ff85ed09000 	C:\WINDOWS\System32\GDI32.dll
0x00007ff85eae0000 - 0x00007ff85ebf9000 	C:\WINDOWS\System32\gdi32full.dll
0x00007ff85e460000 - 0x00007ff85e4fa000 	C:\WINDOWS\System32\msvcp_win.dll
0x00007ff850ad0000 - 0x00007ff850d63000 	C:\WINDOWS\WinSxS\amd64_microsoft.windows.common-controls_6595b64144ccf1df_6.0.22621.3235_none_270f74e173860f98\COMCTL32.dll
0x00007ff85fe40000 - 0x00007ff85fee7000 	C:\WINDOWS\System32\msvcrt.dll
0x00007ff860c60000 - 0x00007ff860c91000 	C:\WINDOWS\System32\IMM32.DLL
0x00007ff83ec60000 - 0x00007ff83ec6c000 	c:\Users\chaewon\.vscode\extensions\redhat.java-1.29.0-win32-x64\jre\17.0.10-win32-x86_64\bin\vcruntime140_1.dll
0x00007ff83ebd0000 - 0x00007ff83ec5d000 	c:\Users\chaewon\.vscode\extensions\redhat.java-1.29.0-win32-x64\jre\17.0.10-win32-x86_64\bin\msvcp140.dll
0x00007fffa1940000 - 0x00007fffa25a2000 	c:\Users\chaewon\.vscode\extensions\redhat.java-1.29.0-win32-x64\jre\17.0.10-win32-x86_64\bin\server\jvm.dll
0x00007ff860af0000 - 0x00007ff860ba2000 	C:\WINDOWS\System32\ADVAPI32.dll
0x00007ff860bb0000 - 0x00007ff860c58000 	C:\WINDOWS\System32\sechost.dll
0x00007ff85e400000 - 0x00007ff85e428000 	C:\WINDOWS\System32\bcrypt.dll
0x00007ff85f690000 - 0x00007ff85f7a5000 	C:\WINDOWS\System32\RPCRT4.dll
0x00007ff83e380000 - 0x00007ff83e389000 	C:\WINDOWS\SYSTEM32\WSOCK32.dll
0x00007ff860a70000 - 0x00007ff860ae1000 	C:\WINDOWS\System32\WS2_32.dll
0x00007ff852cc0000 - 0x00007ff852cca000 	C:\WINDOWS\SYSTEM32\VERSION.dll
0x00007ff853600000 - 0x00007ff853634000 	C:\WINDOWS\SYSTEM32\WINMM.dll
0x00007ff85d110000 - 0x00007ff85d15d000 	C:\WINDOWS\SYSTEM32\POWRPROF.dll
0x00007ff85d0f0000 - 0x00007ff85d103000 	C:\WINDOWS\SYSTEM32\UMPDC.dll
0x00007ff85d3a0000 - 0x00007ff85d3b8000 	C:\WINDOWS\SYSTEM32\kernel.appcore.dll
0x00007ff843d90000 - 0x00007ff843d9a000 	c:\Users\chaewon\.vscode\extensions\redhat.java-1.29.0-win32-x64\jre\17.0.10-win32-x86_64\bin\jimage.dll
0x00007ff85b7f0000 - 0x00007ff85ba23000 	C:\WINDOWS\SYSTEM32\DBGHELP.DLL
0x00007ff860520000 - 0x00007ff8608a8000 	C:\WINDOWS\System32\combase.dll
0x00007ff85fd50000 - 0x00007ff85fe27000 	C:\WINDOWS\System32\OLEAUT32.dll
0x00007ff844b00000 - 0x00007ff844b32000 	C:\WINDOWS\SYSTEM32\dbgcore.DLL
0x00007ff85ec00000 - 0x00007ff85ec79000 	C:\WINDOWS\System32\bcryptPrimitives.dll
0x00007ff83ebc0000 - 0x00007ff83ebce000 	c:\Users\chaewon\.vscode\extensions\redhat.java-1.29.0-win32-x64\jre\17.0.10-win32-x86_64\bin\instrument.dll
0x00007ff83eb90000 - 0x00007ff83ebb5000 	c:\Users\chaewon\.vscode\extensions\redhat.java-1.29.0-win32-x64\jre\17.0.10-win32-x86_64\bin\java.dll
0x00007ff82bb50000 - 0x00007ff82bb68000 	c:\Users\chaewon\.vscode\extensions\redhat.java-1.29.0-win32-x64\jre\17.0.10-win32-x86_64\bin\zip.dll
0x00007ff85ed30000 - 0x00007ff85f58c000 	C:\WINDOWS\System32\SHELL32.dll
0x00007ff85c1e0000 - 0x00007ff85cad9000 	C:\WINDOWS\SYSTEM32\windows.storage.dll
0x00007ff85c0a0000 - 0x00007ff85c1de000 	C:\WINDOWS\SYSTEM32\wintypes.dll
0x00007ff85f590000 - 0x00007ff85f683000 	C:\WINDOWS\System32\SHCORE.dll
0x00007ff85ec80000 - 0x00007ff85ecde000 	C:\WINDOWS\System32\shlwapi.dll
0x00007ff85e1a0000 - 0x00007ff85e1c1000 	C:\WINDOWS\SYSTEM32\profapi.dll
0x00007ff8294c0000 - 0x00007ff8294d9000 	C:\Users\chaewon\.vscode\extensions\redhat.java-1.29.0-win32-x64\jre\17.0.10-win32-x86_64\bin\net.dll
0x00007ff8554f0000 - 0x00007ff855626000 	C:\WINDOWS\SYSTEM32\WINHTTP.dll
0x00007ff85d810000 - 0x00007ff85d879000 	C:\WINDOWS\system32\mswsock.dll
0x00007ff826bd0000 - 0x00007ff826be6000 	C:\Users\chaewon\.vscode\extensions\redhat.java-1.29.0-win32-x64\jre\17.0.10-win32-x86_64\bin\nio.dll
0x00007ff83eb80000 - 0x00007ff83eb90000 	c:\Users\chaewon\.vscode\extensions\redhat.java-1.29.0-win32-x64\jre\17.0.10-win32-x86_64\bin\verify.dll
0x00007ff82f720000 - 0x00007ff82f75e000 	C:\Users\chaewon\AppData\Roaming\Code\User\globalStorage\redhat.java\1.29.0\config_ss_win\org.eclipse.equinox.launcher\org.eclipse.equinox.launcher.win32.win32.x86_64_1.2.900.v20240213-1244\eclipse_11900.dll
0x00007ff860d50000 - 0x00007ff860ef5000 	C:\WINDOWS\System32\ole32.dll
0x00007ff83bba0000 - 0x00007ff83bba9000 	C:\Users\chaewon\.vscode\extensions\redhat.java-1.29.0-win32-x64\jre\17.0.10-win32-x86_64\bin\management.dll
0x00007ff83b970000 - 0x00007ff83b97b000 	C:\Users\chaewon\.vscode\extensions\redhat.java-1.29.0-win32-x64\jre\17.0.10-win32-x86_64\bin\management_ext.dll
0x00007ff860f00000 - 0x00007ff860f08000 	C:\WINDOWS\System32\PSAPI.DLL
0x00007ff85da70000 - 0x00007ff85da8b000 	C:\WINDOWS\SYSTEM32\CRYPTSP.dll
0x00007ff85d300000 - 0x00007ff85d335000 	C:\WINDOWS\system32\rsaenh.dll
0x00007ff85d910000 - 0x00007ff85d938000 	C:\WINDOWS\SYSTEM32\USERENV.dll
0x00007ff85da90000 - 0x00007ff85da9c000 	C:\WINDOWS\SYSTEM32\CRYPTBASE.dll
0x00007ff85cdb0000 - 0x00007ff85cddd000 	C:\WINDOWS\SYSTEM32\IPHLPAPI.DLL
0x00007ff85fe30000 - 0x00007ff85fe39000 	C:\WINDOWS\System32\NSI.dll
0x00007ff8554d0000 - 0x00007ff8554e9000 	C:\WINDOWS\SYSTEM32\dhcpcsvc6.DLL
0x00007ff855490000 - 0x00007ff8554af000 	C:\WINDOWS\SYSTEM32\dhcpcsvc.DLL
0x00007ff85cde0000 - 0x00007ff85ced9000 	C:\WINDOWS\SYSTEM32\DNSAPI.dll
0x00007ff82f6d0000 - 0x00007ff82f715000 	C:\Users\chaewon\AppData\Local\Temp\jna-738691245\jna14179521980918151566.dll

dbghelp: loaded successfully - version: 4.0.5 - missing functions: none
symbol engine: initialized successfully - sym options: 0x614 - pdb path: .;c:\Users\chaewon\.vscode\extensions\redhat.java-1.29.0-win32-x64\jre\17.0.10-win32-x86_64\bin;C:\WINDOWS\SYSTEM32;C:\WINDOWS\WinSxS\amd64_microsoft.windows.common-controls_6595b64144ccf1df_6.0.22621.3235_none_270f74e173860f98;c:\Users\chaewon\.vscode\extensions\redhat.java-1.29.0-win32-x64\jre\17.0.10-win32-x86_64\bin\server;C:\Users\chaewon\AppData\Roaming\Code\User\globalStorage\redhat.java\1.29.0\config_ss_win\org.eclipse.equinox.launcher\org.eclipse.equinox.launcher.win32.win32.x86_64_1.2.900.v20240213-1244;C:\Users\chaewon\AppData\Local\Temp\jna-738691245

VM Arguments:
jvm_args: --add-modules=ALL-SYSTEM --add-opens=java.base/java.util=ALL-UNNAMED --add-opens=java.base/java.lang=ALL-UNNAMED --add-opens=java.base/sun.nio.fs=ALL-UNNAMED -Declipse.application=org.eclipse.jdt.ls.core.id1 -Dosgi.bundles.defaultStartLevel=4 -Declipse.product=org.eclipse.jdt.ls.core.product -Djava.import.generatesMetadataFilesAtProjectRoot=false -DDetectVMInstallationsJob.disabled=true -Dfile.encoding=utf8 -XX:+UseParallelGC -XX:GCTimeRatio=4 -XX:AdaptiveSizePolicyWeight=90 -Dsun.zip.disableMemoryMapping=true -Xmx1G -Xms100m -Xlog:disable -javaagent:c:\Users\chaewon\.vscode\extensions\redhat.java-1.29.0-win32-x64\lombok\lombok-1.18.32.jar 
java_command: c:\Users\chaewon\.vscode\extensions\redhat.java-1.29.0-win32-x64\server\plugins\org.eclipse.equinox.launcher_1.6.800.v20240304-1850.jar -configuration c:\Users\chaewon\AppData\Roaming\Code\User\globalStorage\redhat.java\1.29.0\config_ss_win -data c:\Users\chaewon\AppData\Roaming\Code\User\workspaceStorage\237b0aaf8e47e2cbf114db19a3c21012\redhat.java\ss_ws --stdio
java_class_path (initial): c:\Users\chaewon\.vscode\extensions\redhat.java-1.29.0-win32-x64\server\plugins\org.eclipse.equinox.launcher_1.6.800.v20240304-1850.jar
Launcher Type: SUN_STANDARD

[Global flags]
    uintx AdaptiveSizePolicyWeight                 = 90                                        {product} {command line}
     intx CICompilerCount                          = 4                                         {product} {ergonomic}
    uintx GCTimeRatio                              = 4                                         {product} {command line}
   size_t InitialHeapSize                          = 104857600                                 {product} {command line}
   size_t MaxHeapSize                              = 1073741824                                {product} {command line}
   size_t MaxNewSize                               = 357564416                                 {product} {ergonomic}
   size_t MinHeapDeltaBytes                        = 524288                                    {product} {ergonomic}
   size_t MinHeapSize                              = 104857600                                 {product} {command line}
   size_t NewSize                                  = 34603008                                  {product} {ergonomic}
    uintx NonNMethodCodeHeapSize                   = 5839372                                {pd product} {ergonomic}
    uintx NonProfiledCodeHeapSize                  = 122909434                              {pd product} {ergonomic}
   size_t OldSize                                  = 70254592                                  {product} {ergonomic}
    uintx ProfiledCodeHeapSize                     = 122909434                              {pd product} {ergonomic}
    uintx ReservedCodeCacheSize                    = 251658240                              {pd product} {ergonomic}
     bool SegmentedCodeCache                       = true                                      {product} {ergonomic}
   size_t SoftMaxHeapSize                          = 1073741824                             {manageable} {ergonomic}
     bool UseCompressedClassPointers               = true                           {product lp64_product} {ergonomic}
     bool UseCompressedOops                        = true                           {product lp64_product} {ergonomic}
     bool UseLargePagesIndividualAllocation        = false                                  {pd product} {ergonomic}
     bool UseParallelGC                            = true                                      {product} {command line}

Logging:
Log output configuration:
 #0: stdout all=off uptime,level,tags
 #1: stderr all=off uptime,level,tags

Environment Variables:
JAVA_HOME=C:\Program Files\Java\jdk-17.0.2
PATH=C:\oraclexe\app\oracle\product\11.2.0\server\bin;C:\Program Files\Common Files\Oracle\Java\javapath;C:\Program Files (x86)\Common Files\Oracle\Java\javapath;C:\ProgramData\Anaconda3;C:\ProgramData\Anaconda3\Library\mingw-w64\bin;C:\ProgramData\Anaconda3\Library\usr\bin;C:\ProgramData\Anaconda3\Library\bin;C:\ProgramData\Anaconda3\Scripts;C:\Program Files\Python310\Scripts\;C:\Program Files\Python310\;C:\windows\system32;C:\windows;C:\windows\System32\Wbem;C:\windows\System32\WindowsPowerShell\v1.0\;C:\windows\System32\OpenSSH\;C:\Program Files (x86)\NVIDIA Corporation\PhysX\Common;C:\Program Files\NVIDIA Corporation\NVIDIA NvDLISR;C:\WINDOWS\system32;C:\WINDOWS;C:\WINDOWS\System32\Wbem;C:\WINDOWS\System32\WindowsPowerShell\v1.0\;C:\WINDOWS\System32\OpenSSH\;C:\Program Files\Git\cmd;C:\ProgramData\chocolatey\bin;C:\Users\chaewon\AppData\Roaming\nvm;C:\Program Files\nodejs;C:\Program Files\Java\jdk-17.0.2\bin;C:\Program Files\Google\Google Apps Migration\;C:\Program Files\Amazon\AWSCLIV2\;C:\Users\chaewon\AppData\Local\Programs\Python\Python311\Scripts\;C:\Users\chaewon\AppData\Local\Programs\Python\Python311\;C:\Users\chaewon\AppData\Local\Microsoft\WindowsApps;C:\Users\\AppData\Local\Programs\Microsoft VS Code\bin;C:\Users\chaewon\AppData\Local\Programs\Microsoft VS Code\bin;C:\Users\chaewon\AppData\Roaming\npm;C:\Users\chaewon\AppData\Roaming\nvm;C:\Program Files\nodejs;C:\Program Files\JetBrains\IntelliJ IDEA 2023.3.2\bin;;C:\Users\chaewon\AppData\Local\JetBrains\IntelliJ IDEA Community Edition 2021.3.2\bin;
USERNAME=chaewon
OS=Windows_NT
PROCESSOR_IDENTIFIER=Intel64 Family 6 Model 140 Stepping 1, GenuineIntel
TMP=C:\Users\chaewon\AppData\Local\Temp
TEMP=C:\Users\chaewon\AppData\Local\Temp



Periodic native trim disabled


---------------  S Y S T E M  ---------------

OS:
 Windows 11 , 64 bit Build 22621 (10.0.22621.3374)
OS uptime: 3 days 23:22 hours

CPU: total 8 (initial active 8) (4 cores per cpu, 2 threads per core) family 6 model 140 stepping 1 microcode 0xb4, cx8, cmov, fxsr, ht, mmx, 3dnowpref, sse, sse2, sse3, ssse3, sse4.1, sse4.2, popcnt, lzcnt, tsc, tscinvbit, avx, avx2, aes, erms, clmul, bmi1, bmi2, adx, avx512f, avx512dq, avx512cd, avx512bw, avx512vl, sha, fma, vzeroupper, avx512_vpopcntdq, avx512_vpclmulqdq, avx512_vaes, avx512_vnni, clflush, clflushopt, clwb, avx512_vbmi2, avx512_vbmi
Processor Information for all 8 processors :
  Max Mhz: 2419, Current Mhz: 2419, Mhz Limit: 2419

Memory: 4k page, system-wide physical 7865M (249M free)
TotalPageFile size 32441M (AvailPageFile size 6M)
current process WorkingSet (physical memory assigned to process): 164M, peak: 183M
current process commit charge ("private bytes"): 254M, peak: 269M

vm_info: OpenJDK 64-Bit Server VM (17.0.10+7) for windows-amd64 JRE (17.0.10+7), built on Jan 16 2024 23:25:11 by "admin" with MS VC++ 16.10 / 16.11 (VS2019)

END.
